<?xml version="1.0" encoding="UTF-8"?>
<testsuite name="com.manufacture.service.FerrariCarTest" tests="1" skipped="0" failures="0" errors="0" timestamp="2020-08-19T18:57:08" hostname="Akshays-MacBook-Pro.local" time="0.01">
  <properties/>
  <testcase name="test_manufactureCar_ferrari" classname="com.manufacture.service.FerrariCarTest" time="0.01"/>
  <system-out><![CDATA[]]></system-out>
  <system-err><![CDATA[]]></system-err>
</testsuite>
